<?xml version="1.0" encoding="UTF-8"?>
<coverage generated="1768816451819" clover="3.2.0">
  <project timestamp="1768816451820" name="All files">
    <metrics statements="36" coveredstatements="20" conditionals="8" coveredconditionals="3" methods="11" coveredmethods="7" elements="55" coveredelements="30" complexity="0" loc="36" ncloc="36" packages="3" files="3" classes="3"/>
    <package name="errors">
      <metrics statements="3" coveredstatements="3" conditionals="0" coveredconditionals="0" methods="1" coveredmethods="1"/>
      <file name="app.error.ts" path="C:\Users\jynjo\chat\server\src\errors\app.error.ts">
        <metrics statements="3" coveredstatements="3" conditionals="0" coveredconditionals="0" methods="1" coveredmethods="1"/>
        <line num="1" count="2" type="stmt"/>
        <line num="6" count="2" type="stmt"/>
        <line num="7" count="2" type="stmt"/>
      </file>
    </package>
    <package name="modules.posts">
      <metrics statements="13" coveredstatements="12" conditionals="4" coveredconditionals="3" methods="4" coveredmethods="4"/>
      <file name="post.service.ts" path="C:\Users\jynjo\chat\server\src\modules\posts\post.service.ts">
        <metrics statements="13" coveredstatements="12" conditionals="4" coveredconditionals="3" methods="4" coveredmethods="4"/>
        <line num="1" count="1" type="stmt"/>
        <line num="6" count="1" type="stmt"/>
        <line num="7" count="4" type="stmt"/>
        <line num="10" count="1" type="stmt"/>
        <line num="11" count="1" type="stmt"/>
        <line num="15" count="1" type="cond" truecount="1" falsecount="1"/>
        <line num="16" count="0" type="stmt"/>
        <line num="19" count="1" type="stmt"/>
        <line num="20" count="1" type="stmt"/>
        <line num="24" count="2" type="cond" truecount="2" falsecount="0"/>
        <line num="25" count="1" type="stmt"/>
        <line num="28" count="1" type="stmt"/>
        <line num="29" count="1" type="stmt"/>
      </file>
    </package>
    <package name="modules.users">
      <metrics statements="20" coveredstatements="5" conditionals="4" coveredconditionals="0" methods="6" coveredmethods="2"/>
      <file name="user.service.ts" path="C:\Users\jynjo\chat\server\src\modules\users\user.service.ts">
        <metrics statements="20" coveredstatements="5" conditionals="4" coveredconditionals="0" methods="6" coveredmethods="2"/>
        <line num="4" count="1" type="stmt"/>
        <line num="5" count="1" type="stmt"/>
        <line num="7" count="1" type="stmt"/>
        <line num="8" count="1" type="stmt"/>
        <line num="11" count="0" type="stmt"/>
        <line num="12" count="0" type="stmt"/>
        <line num="13" count="0" type="stmt"/>
        <line num="14" count="0" type="stmt"/>
        <line num="17" count="1" type="stmt"/>
        <line num="21" count="0" type="stmt"/>
        <line num="22" count="0" type="cond" truecount="0" falsecount="2"/>
        <line num="23" count="0" type="stmt"/>
        <line num="27" count="0" type="stmt"/>
        <line num="28" count="0" type="stmt"/>
        <line num="32" count="0" type="stmt"/>
        <line num="33" count="0" type="cond" truecount="0" falsecount="2"/>
        <line num="34" count="0" type="stmt"/>
        <line num="37" count="0" type="stmt"/>
        <line num="38" count="0" type="stmt"/>
        <line num="46" count="0" type="stmt"/>
      </file>
    </package>
  </project>
</coverage>
